# JRE version: OpenJDK Runtime Environment (8.0_242-b01) (build 1.8.0_242-release-1644-b01)
# Java VM: OpenJDK 64-Bit Server VM (25.242-b01 mixed mode windows-amd64 compressed oops)
Heap:
 PSYoungGen      total 179200K, used 15736K [0x00000000eab00000, 0x00000000f8980000, 0x0000000100000000)
  eden space 166912K, 2% used [0x00000000eab00000,0x00000000eae60e48,0x00000000f4e00000)
  from space 12288K, 99% used [0x00000000f7180000,0x00000000f7d7d320,0x00000000f7d80000)
  to   space 10240K, 0% used [0x00000000f7f80000,0x00000000f7f80000,0x00000000f8980000)
 ParOldGen       total 135168K, used 26589K [0x00000000c0000000, 0x00000000c8400000, 0x00000000eab00000)
  object space 135168K, 19% used [0x00000000c0000000,0x00000000c19f7518,0x00000000c8400000)
 Metaspace       used 54331K, capacity 56236K, committed 56368K, reserved 1097728K
  class space    used 7173K, capacity 7616K, committed 7728K, reserved 1048576K
GC Heap History (10 events):
Event: 15.411 GC heap before
{Heap before GC invocations=7 (full 1):
 PSYoungGen      total 75776K, used 72686K [0x00000000eab00000, 0x00000000f3280000, 0x0000000100000000)
  eden space 65024K, 99% used [0x00000000eab00000,0x00000000eea60fa0,0x00000000eea80000)
  from space 10752K, 72% used [0x00000000eea80000,0x00000000ef21a9b0,0x00000000ef500000)
  to   space 12288K, 0% used [0x00000000f2680000,0x00000000f2680000,0x00000000f3280000)
 ParOldGen       total 89088K, used 7548K [0x00000000c0000000, 0x00000000c5700000, 0x00000000eab00000)
  object space 89088K, 8% used [0x00000000c0000000,0x00000000c075f368,0x00000000c5700000)
 Metaspace       used 32736K, capacity 33596K, committed 33712K, reserved 1079296K
  class space    used 4436K, capacity 4703K, committed 4784K, reserved 1048576K
Event: 15.439 GC heap after
Heap after GC invocations=7 (full 1):
 PSYoungGen      total 126464K, used 8799K [0x00000000eab00000, 0x00000000f3400000, 0x0000000100000000)
  eden space 114176K, 0% used [0x00000000eab00000,0x00000000eab00000,0x00000000f1a80000)
  from space 12288K, 71% used [0x00000000f2680000,0x00000000f2f17dd8,0x00000000f3280000)
  to   space 12288K, 0% used [0x00000000f1a80000,0x00000000f1a80000,0x00000000f2680000)
 ParOldGen       total 89088K, used 7556K [0x00000000c0000000, 0x00000000c5700000, 0x00000000eab00000)
  object space 89088K, 8% used [0x00000000c0000000,0x00000000c0761368,0x00000000c5700000)
 Metaspace       used 32736K, capacity 33596K, committed 33712K, reserved 1079296K
  class space    used 4436K, capacity 4703K, committed 4784K, reserved 1048576K
}
Event: 15.859 GC heap before
{Heap before GC invocations=8 (full 1):
 PSYoungGen      total 126464K, used 24024K [0x00000000eab00000, 0x00000000f3400000, 0x0000000100000000)
  eden space 114176K, 13% used [0x00000000eab00000,0x00000000eb9de5d0,0x00000000f1a80000)
  from space 12288K, 71% used [0x00000000f2680000,0x00000000f2f17dd8,0x00000000f3280000)
  to   space 12288K, 0% used [0x00000000f1a80000,0x00000000f1a80000,0x00000000f2680000)
 ParOldGen       total 89088K, used 7556K [0x00000000c0000000, 0x00000000c5700000, 0x00000000eab00000)
  object space 89088K, 8% used [0x00000000c0000000,0x00000000c0761368,0x00000000c5700000)
 Metaspace       used 34533K, capacity 35390K, committed 35496K, reserved 1079296K
  class space    used 4590K, capacity 4870K, committed 4912K, reserved 1048576K
Event: 15.870 GC heap after
Heap after GC invocations=8 (full 1):
 PSYoungGen      total 126464K, used 7365K [0x00000000eab00000, 0x00000000f8b00000, 0x0000000100000000)
  eden space 114176K, 0% used [0x00000000eab00000,0x00000000eab00000,0x00000000f1a80000)
  from space 12288K, 59% used [0x00000000f1a80000,0x00000000f21b1440,0x00000000f2680000)
  to   space 11776K, 0% used [0x00000000f7f80000,0x00000000f7f80000,0x00000000f8b00000)
 ParOldGen       total 89088K, used 7564K [0x00000000c0000000, 0x00000000c5700000, 0x00000000eab00000)
  object space 89088K, 8% used [0x00000000c0000000,0x00000000c0763368,0x00000000c5700000)
 Metaspace       used 34533K, capacity 35390K, committed 35496K, reserved 1079296K
  class space    used 4590K, capacity 4870K, committed 4912K, reserved 1048576K
}
Event: 15.870 GC heap before
{Heap before GC invocations=9 (full 2):
 PSYoungGen      total 126464K, used 7365K [0x00000000eab00000, 0x00000000f8b00000, 0x0000000100000000)
  eden space 114176K, 0% used [0x00000000eab00000,0x00000000eab00000,0x00000000f1a80000)
  from space 12288K, 59% used [0x00000000f1a80000,0x00000000f21b1440,0x00000000f2680000)
  to   space 11776K, 0% used [0x00000000f7f80000,0x00000000f7f80000,0x00000000f8b00000)
 ParOldGen       total 89088K, used 7564K [0x00000000c0000000, 0x00000000c5700000, 0x00000000eab00000)
  object space 89088K, 8% used [0x00000000c0000000,0x00000000c0763368,0x00000000c5700000)
 Metaspace       used 34533K, capacity 35390K, committed 35496K, reserved 1079296K
  class space    used 4590K, capacity 4870K, committed 4912K, reserved 1048576K
Event: 15.948 GC heap after
Heap after GC invocations=9 (full 2):
 PSYoungGen      total 126464K, used 0K [0x00000000eab00000, 0x00000000f8b00000, 0x0000000100000000)
  eden space 114176K, 0% used [0x00000000eab00000,0x00000000eab00000,0x00000000f1a80000)
  from space 12288K, 0% used [0x00000000f1a80000,0x00000000f1a80000,0x00000000f2680000)
  to   space 11776K, 0% used [0x00000000f7f80000,0x00000000f7f80000,0x00000000f8b00000)
 ParOldGen       total 135168K, used 14275K [0x00000000c0000000, 0x00000000c8400000, 0x00000000eab00000)
  object space 135168K, 10% used [0x00000000c0000000,0x00000000c0df0c20,0x00000000c8400000)
 Metaspace       used 34521K, capacity 35374K, committed 35496K, reserved 1079296K
  class space    used 4586K, capacity 4866K, committed 4912K, reserved 1048576K
}
Event: 19.211 GC heap before
{Heap before GC invocations=10 (full 2):
 PSYoungGen      total 126464K, used 114176K [0x00000000eab00000, 0x00000000f8b00000, 0x0000000100000000)
  eden space 114176K, 100% used [0x00000000eab00000,0x00000000f1a80000,0x00000000f1a80000)
  from space 12288K, 0% used [0x00000000f1a80000,0x00000000f1a80000,0x00000000f2680000)
  to   space 11776K, 0% used [0x00000000f7f80000,0x00000000f7f80000,0x00000000f8b00000)
 ParOldGen       total 135168K, used 14275K [0x00000000c0000000, 0x00000000c8400000, 0x00000000eab00000)
  object space 135168K, 10% used [0x00000000c0000000,0x00000000c0df0c20,0x00000000c8400000)
 Metaspace       used 39683K, capacity 40878K, committed 41008K, reserved 1085440K
  class space    used 5335K, capacity 5638K, committed 5680K, reserved 1048576K
Event: 19.225 GC heap after
Heap after GC invocations=10 (full 2):
 PSYoungGen      total 177152K, used 10228K [0x00000000eab00000, 0x00000000f8980000, 0x0000000100000000)
  eden space 166912K, 0% used [0x00000000eab00000,0x00000000eab00000,0x00000000f4e00000)
  from space 10240K, 99% used [0x00000000f7f80000,0x00000000f897d098,0x00000000f8980000)
  to   space 12288K, 0% used [0x00000000f7180000,0x00000000f7180000,0x00000000f7d80000)
 ParOldGen       total 135168K, used 14283K [0x00000000c0000000, 0x00000000c8400000, 0x00000000eab00000)
  object space 135168K, 10% used [0x00000000c0000000,0x00000000c0df2c20,0x00000000c8400000)
 Metaspace       used 39683K, capacity 40878K, committed 41008K, reserved 1085440K
  class space    used 5335K, capacity 5638K, committed 5680K, reserved 1048576K
}
Event: 24.196 GC heap before
{Heap before GC invocations=11 (full 2):
 PSYoungGen      total 177152K, used 177140K [0x00000000eab00000, 0x00000000f8980000, 0x0000000100000000)
  eden space 166912K, 100% used [0x00000000eab00000,0x00000000f4e00000,0x00000000f4e00000)
  from space 10240K, 99% used [0x00000000f7f80000,0x00000000f897d098,0x00000000f8980000)
  to   space 12288K, 0% used [0x00000000f7180000,0x00000000f7180000,0x00000000f7d80000)
 ParOldGen       total 135168K, used 14283K [0x00000000c0000000, 0x00000000c8400000, 0x00000000eab00000)
  object space 135168K, 10% used [0x00000000c0000000,0x00000000c0df2c20,0x00000000c8400000)
 Metaspace       used 53841K, capacity 55710K, committed 55984K, reserved 1097728K
  class space    used 7106K, capacity 7537K, committed 7600K, reserved 1048576K
Event: 24.256 GC heap after
Heap after GC invocations=11 (full 2):
 PSYoungGen      total 179200K, used 12276K [0x00000000eab00000, 0x00000000f8980000, 0x0000000100000000)
  eden space 166912K, 0% used [0x00000000eab00000,0x00000000eab00000,0x00000000f4e00000)
  from space 12288K, 99% used [0x00000000f7180000,0x00000000f7d7d320,0x00000000f7d80000)
  to   space 10240K, 0% used [0x00000000f7f80000,0x00000000f7f80000,0x00000000f8980000)
 ParOldGen       total 135168K, used 26589K [0x00000000c0000000, 0x00000000c8400000, 0x00000000eab00000)
  object space 135168K, 19% used [0x00000000c0000000,0x00000000c19f7518,0x00000000c8400000)
 Metaspace       used 53841K, capacity 55710K, committed 55984K, reserved 1097728K
  class space    used 7106K, capacity 7537K, committed 7600K, reserved 1048576K
}

