# JRE version: OpenJDK Runtime Environment (8.0_242-b01) (build 1.8.0_242-release-1644-b01)
# Java VM: OpenJDK 64-Bit Server VM (25.242-b01 mixed mode windows-amd64 compressed oops)
Heap:
 PSYoungGen      total 179712K, used 104366K [0x00000000eab00000, 0x00000000f9a00000, 0x0000000100000000)
  eden space 167936K, 55% used [0x00000000eab00000,0x00000000f056e350,0x00000000f4f00000)
  from space 11776K, 99% used [0x00000000f8e80000,0x00000000f99fd5e8,0x00000000f9a00000)
  to   space 13824K, 0% used [0x00000000f7f00000,0x00000000f7f00000,0x00000000f8c80000)
 ParOldGen       total 133120K, used 18006K [0x00000000c0000000, 0x00000000c8200000, 0x00000000eab00000)
  object space 133120K, 13% used [0x00000000c0000000,0x00000000c1195818,0x00000000c8200000)
 Metaspace       used 53240K, capacity 55110K, committed 55336K, reserved 1097728K
  class space    used 7233K, capacity 7662K, committed 7728K, reserved 1048576K
GC Heap History (10 events):
Event: 16.074 GC heap before
{Heap before GC invocations=6 (full 1):
 PSYoungGen      total 75776K, used 65024K [0x00000000eab00000, 0x00000000f3f00000, 0x0000000100000000)
  eden space 65024K, 100% used [0x00000000eab00000,0x00000000eea80000,0x00000000eea80000)
  from space 10752K, 0% used [0x00000000ef500000,0x00000000ef500000,0x00000000eff80000)
  to   space 10752K, 0% used [0x00000000eea80000,0x00000000eea80000,0x00000000ef500000)
 ParOldGen       total 83968K, used 7386K [0x00000000c0000000, 0x00000000c5200000, 0x00000000eab00000)
  object space 83968K, 8% used [0x00000000c0000000,0x00000000c07369a8,0x00000000c5200000)
 Metaspace       used 28213K, capacity 28916K, committed 29232K, reserved 1075200K
  class space    used 3893K, capacity 4127K, committed 4144K, reserved 1048576K
Event: 16.079 GC heap after
Heap after GC invocations=6 (full 1):
 PSYoungGen      total 75776K, used 8063K [0x00000000eab00000, 0x00000000f3780000, 0x0000000100000000)
  eden space 65024K, 0% used [0x00000000eab00000,0x00000000eab00000,0x00000000eea80000)
  from space 10752K, 74% used [0x00000000eea80000,0x00000000ef25fcf0,0x00000000ef500000)
  to   space 12800K, 0% used [0x00000000f2b00000,0x00000000f2b00000,0x00000000f3780000)
 ParOldGen       total 83968K, used 7394K [0x00000000c0000000, 0x00000000c5200000, 0x00000000eab00000)
  object space 83968K, 8% used [0x00000000c0000000,0x00000000c07389a8,0x00000000c5200000)
 Metaspace       used 28213K, capacity 28916K, committed 29232K, reserved 1075200K
  class space    used 3893K, capacity 4127K, committed 4144K, reserved 1048576K
}
Event: 16.943 GC heap before
{Heap before GC invocations=7 (full 1):
 PSYoungGen      total 75776K, used 73087K [0x00000000eab00000, 0x00000000f3780000, 0x0000000100000000)
  eden space 65024K, 100% used [0x00000000eab00000,0x00000000eea80000,0x00000000eea80000)
  from space 10752K, 74% used [0x00000000eea80000,0x00000000ef25fcf0,0x00000000ef500000)
  to   space 12800K, 0% used [0x00000000f2b00000,0x00000000f2b00000,0x00000000f3780000)
 ParOldGen       total 83968K, used 7394K [0x00000000c0000000, 0x00000000c5200000, 0x00000000eab00000)
  object space 83968K, 8% used [0x00000000c0000000,0x00000000c07389a8,0x00000000c5200000)
 Metaspace       used 32299K, capacity 33120K, committed 33456K, reserved 1077248K
  class space    used 4413K, capacity 4673K, committed 4784K, reserved 1048576K
Event: 16.957 GC heap after
Heap after GC invocations=7 (full 1):
 PSYoungGen      total 131072K, used 8640K [0x00000000eab00000, 0x00000000f3700000, 0x0000000100000000)
  eden space 118784K, 0% used [0x00000000eab00000,0x00000000eab00000,0x00000000f1f00000)
  from space 12288K, 70% used [0x00000000f2b00000,0x00000000f33700a8,0x00000000f3700000)
  to   space 12288K, 0% used [0x00000000f1f00000,0x00000000f1f00000,0x00000000f2b00000)
 ParOldGen       total 83968K, used 7402K [0x00000000c0000000, 0x00000000c5200000, 0x00000000eab00000)
  object space 83968K, 8% used [0x00000000c0000000,0x00000000c073a9a8,0x00000000c5200000)
 Metaspace       used 32299K, capacity 33120K, committed 33456K, reserved 1077248K
  class space    used 4413K, capacity 4673K, committed 4784K, reserved 1048576K
}
Event: 17.574 GC heap before
{Heap before GC invocations=8 (full 1):
 PSYoungGen      total 131072K, used 58758K [0x00000000eab00000, 0x00000000f3700000, 0x0000000100000000)
  eden space 118784K, 42% used [0x00000000eab00000,0x00000000edbf1a40,0x00000000f1f00000)
  from space 12288K, 70% used [0x00000000f2b00000,0x00000000f33700a8,0x00000000f3700000)
  to   space 12288K, 0% used [0x00000000f1f00000,0x00000000f1f00000,0x00000000f2b00000)
 ParOldGen       total 83968K, used 7402K [0x00000000c0000000, 0x00000000c5200000, 0x00000000eab00000)
  object space 83968K, 8% used [0x00000000c0000000,0x00000000c073a9a8,0x00000000c5200000)
 Metaspace       used 34584K, capacity 35414K, committed 35496K, reserved 1079296K
  class space    used 4746K, capacity 4972K, committed 5040K, reserved 1048576K
Event: 17.595 GC heap after
Heap after GC invocations=8 (full 1):
 PSYoungGen      total 131072K, used 8869K [0x00000000eab00000, 0x00000000f9a00000, 0x0000000100000000)
  eden space 118784K, 0% used [0x00000000eab00000,0x00000000eab00000,0x00000000f1f00000)
  from space 12288K, 72% used [0x00000000f1f00000,0x00000000f27a9630,0x00000000f2b00000)
  to   space 11776K, 0% used [0x00000000f8e80000,0x00000000f8e80000,0x00000000f9a00000)
 ParOldGen       total 83968K, used 7410K [0x00000000c0000000, 0x00000000c5200000, 0x00000000eab00000)
  object space 83968K, 8% used [0x00000000c0000000,0x00000000c073c9a8,0x00000000c5200000)
 Metaspace       used 34584K, capacity 35414K, committed 35496K, reserved 1079296K
  class space    used 4746K, capacity 4972K, committed 5040K, reserved 1048576K
}
Event: 17.595 GC heap before
{Heap before GC invocations=9 (full 2):
 PSYoungGen      total 131072K, used 8869K [0x00000000eab00000, 0x00000000f9a00000, 0x0000000100000000)
  eden space 118784K, 0% used [0x00000000eab00000,0x00000000eab00000,0x00000000f1f00000)
  from space 12288K, 72% used [0x00000000f1f00000,0x00000000f27a9630,0x00000000f2b00000)
  to   space 11776K, 0% used [0x00000000f8e80000,0x00000000f8e80000,0x00000000f9a00000)
 ParOldGen       total 83968K, used 7410K [0x00000000c0000000, 0x00000000c5200000, 0x00000000eab00000)
  object space 83968K, 8% used [0x00000000c0000000,0x00000000c073c9a8,0x00000000c5200000)
 Metaspace       used 34584K, capacity 35414K, committed 35496K, reserved 1079296K
  class space    used 4746K, capacity 4972K, committed 5040K, reserved 1048576K
Event: 17.704 GC heap after
Heap after GC invocations=9 (full 2):
 PSYoungGen      total 131072K, used 0K [0x00000000eab00000, 0x00000000f9a00000, 0x0000000100000000)
  eden space 118784K, 0% used [0x00000000eab00000,0x00000000eab00000,0x00000000f1f00000)
  from space 12288K, 0% used [0x00000000f1f00000,0x00000000f1f00000,0x00000000f2b00000)
  to   space 11776K, 0% used [0x00000000f8e80000,0x00000000f8e80000,0x00000000f9a00000)
 ParOldGen       total 133120K, used 15421K [0x00000000c0000000, 0x00000000c8200000, 0x00000000eab00000)
  object space 133120K, 11% used [0x00000000c0000000,0x00000000c0f0f690,0x00000000c8200000)
 Metaspace       used 34584K, capacity 35414K, committed 35496K, reserved 1079296K
  class space    used 4746K, capacity 4972K, committed 5040K, reserved 1048576K
}
Event: 20.065 GC heap before
{Heap before GC invocations=10 (full 2):
 PSYoungGen      total 131072K, used 118784K [0x00000000eab00000, 0x00000000f9a00000, 0x0000000100000000)
  eden space 118784K, 100% used [0x00000000eab00000,0x00000000f1f00000,0x00000000f1f00000)
  from space 12288K, 0% used [0x00000000f1f00000,0x00000000f1f00000,0x00000000f2b00000)
  to   space 11776K, 0% used [0x00000000f8e80000,0x00000000f8e80000,0x00000000f9a00000)
 ParOldGen       total 133120K, used 15421K [0x00000000c0000000, 0x00000000c8200000, 0x00000000eab00000)
  object space 133120K, 11% used [0x00000000c0000000,0x00000000c0f0f690,0x00000000c8200000)
 Metaspace       used 44516K, capacity 46018K, committed 46120K, reserved 1089536K
  class space    used 6026K, capacity 6393K, committed 6448K, reserved 1048576K
Event: 20.082 GC heap after
Heap after GC invocations=10 (full 2):
 PSYoungGen      total 179712K, used 11765K [0x00000000eab00000, 0x00000000f9a00000, 0x0000000100000000)
  eden space 167936K, 0% used [0x00000000eab00000,0x00000000eab00000,0x00000000f4f00000)
  from space 11776K, 99% used [0x00000000f8e80000,0x00000000f99fd5e8,0x00000000f9a00000)
  to   space 13824K, 0% used [0x00000000f7f00000,0x00000000f7f00000,0x00000000f8c80000)
 ParOldGen       total 133120K, used 18006K [0x00000000c0000000, 0x00000000c8200000, 0x00000000eab00000)
  object space 133120K, 13% used [0x00000000c0000000,0x00000000c1195818,0x00000000c8200000)
 Metaspace       used 44516K, capacity 46018K, committed 46120K, reserved 1089536K
  class space    used 6026K, capacity 6393K, committed 6448K, reserved 1048576K
}

