# JRE version: OpenJDK Runtime Environment (8.0_242-b01) (build 1.8.0_242-release-1644-b01)
# Java VM: OpenJDK 64-Bit Server VM (25.242-b01 mixed mode windows-amd64 compressed oops)
Heap:
 PSYoungGen      total 131072K, used 4720K [0x00000000eab00000, 0x00000000f3780000, 0x0000000100000000)
  eden space 119296K, 3% used [0x00000000eab00000,0x00000000eaf9c138,0x00000000f1f80000)
  from space 11776K, 0% used [0x00000000f1f80000,0x00000000f1f80000,0x00000000f2b00000)
  to   space 12288K, 0% used [0x00000000f2b00000,0x00000000f2b00000,0x00000000f3700000)
 ParOldGen       total 83968K, used 15452K [0x00000000c0000000, 0x00000000c5200000, 0x00000000eab00000)
  object space 83968K, 18% used [0x00000000c0000000,0x00000000c0f172b8,0x00000000c5200000)
 Metaspace       used 34689K, capacity 35586K, committed 35752K, reserved 1079296K
  class space    used 4759K, capacity 5004K, committed 5040K, reserved 1048576K
GC Heap History (10 events):
Event: 19.239 GC heap before
{Heap before GC invocations=5 (full 1):
 PSYoungGen      total 75776K, used 7515K [0x00000000eab00000, 0x00000000eff80000, 0x0000000100000000)
  eden space 65024K, 0% used [0x00000000eab00000,0x00000000eab00000,0x00000000eea80000)
  from space 10752K, 69% used [0x00000000ef500000,0x00000000efc56ec8,0x00000000eff80000)
  to   space 10752K, 0% used [0x00000000eea80000,0x00000000eea80000,0x00000000ef500000)
 ParOldGen       total 173568K, used 1254K [0x00000000c0000000, 0x00000000ca980000, 0x00000000eab00000)
  object space 173568K, 0% used [0x00000000c0000000,0x00000000c0139b00,0x00000000ca980000)
 Metaspace       used 20602K, capacity 21224K, committed 21296K, reserved 1067008K
  class space    used 2886K, capacity 3084K, committed 3120K, reserved 1048576K
Event: 19.293 GC heap after
Heap after GC invocations=5 (full 1):
 PSYoungGen      total 75776K, used 0K [0x00000000eab00000, 0x00000000eff80000, 0x0000000100000000)
  eden space 65024K, 0% used [0x00000000eab00000,0x00000000eab00000,0x00000000eea80000)
  from space 10752K, 0% used [0x00000000ef500000,0x00000000ef500000,0x00000000eff80000)
  to   space 10752K, 0% used [0x00000000eea80000,0x00000000eea80000,0x00000000ef500000)
 ParOldGen       total 83968K, used 7329K [0x00000000c0000000, 0x00000000c5200000, 0x00000000eab00000)
  object space 83968K, 8% used [0x00000000c0000000,0x00000000c0728680,0x00000000c5200000)
 Metaspace       used 20602K, capacity 21224K, committed 21296K, reserved 1067008K
  class space    used 2886K, capacity 3084K, committed 3120K, reserved 1048576K
}
Event: 20.669 GC heap before
{Heap before GC invocations=6 (full 1):
 PSYoungGen      total 75776K, used 65024K [0x00000000eab00000, 0x00000000eff80000, 0x0000000100000000)
  eden space 65024K, 100% used [0x00000000eab00000,0x00000000eea80000,0x00000000eea80000)
  from space 10752K, 0% used [0x00000000ef500000,0x00000000ef500000,0x00000000eff80000)
  to   space 10752K, 0% used [0x00000000eea80000,0x00000000eea80000,0x00000000ef500000)
 ParOldGen       total 83968K, used 7329K [0x00000000c0000000, 0x00000000c5200000, 0x00000000eab00000)
  object space 83968K, 8% used [0x00000000c0000000,0x00000000c0728680,0x00000000c5200000)
 Metaspace       used 28187K, capacity 28912K, committed 29232K, reserved 1075200K
  class space    used 3895K, capacity 4127K, committed 4144K, reserved 1048576K
Event: 20.677 GC heap after
Heap after GC invocations=6 (full 1):
 PSYoungGen      total 75776K, used 8162K [0x00000000eab00000, 0x00000000f3700000, 0x0000000100000000)
  eden space 65024K, 0% used [0x00000000eab00000,0x00000000eab00000,0x00000000eea80000)
  from space 10752K, 75% used [0x00000000eea80000,0x00000000ef278bc8,0x00000000ef500000)
  to   space 12288K, 0% used [0x00000000f2b00000,0x00000000f2b00000,0x00000000f3700000)
 ParOldGen       total 83968K, used 7337K [0x00000000c0000000, 0x00000000c5200000, 0x00000000eab00000)
  object space 83968K, 8% used [0x00000000c0000000,0x00000000c072a680,0x00000000c5200000)
 Metaspace       used 28187K, capacity 28912K, committed 29232K, reserved 1075200K
  class space    used 3895K, capacity 4127K, committed 4144K, reserved 1048576K
}
Event: 21.967 GC heap before
{Heap before GC invocations=7 (full 1):
 PSYoungGen      total 75776K, used 73186K [0x00000000eab00000, 0x00000000f3700000, 0x0000000100000000)
  eden space 65024K, 100% used [0x00000000eab00000,0x00000000eea80000,0x00000000eea80000)
  from space 10752K, 75% used [0x00000000eea80000,0x00000000ef278bc8,0x00000000ef500000)
  to   space 12288K, 0% used [0x00000000f2b00000,0x00000000f2b00000,0x00000000f3700000)
 ParOldGen       total 83968K, used 7337K [0x00000000c0000000, 0x00000000c5200000, 0x00000000eab00000)
  object space 83968K, 8% used [0x00000000c0000000,0x00000000c072a680,0x00000000c5200000)
 Metaspace       used 32301K, capacity 33016K, committed 33072K, reserved 1077248K
  class space    used 4416K, capacity 4641K, committed 4656K, reserved 1048576K
Event: 21.998 GC heap after
Heap after GC invocations=7 (full 1):
 PSYoungGen      total 131584K, used 8608K [0x00000000eab00000, 0x00000000f3780000, 0x0000000100000000)
  eden space 119296K, 0% used [0x00000000eab00000,0x00000000eab00000,0x00000000f1f80000)
  from space 12288K, 70% used [0x00000000f2b00000,0x00000000f33683d8,0x00000000f3700000)
  to   space 11776K, 0% used [0x00000000f1f80000,0x00000000f1f80000,0x00000000f2b00000)
 ParOldGen       total 83968K, used 7345K [0x00000000c0000000, 0x00000000c5200000, 0x00000000eab00000)
  object space 83968K, 8% used [0x00000000c0000000,0x00000000c072c680,0x00000000c5200000)
 Metaspace       used 32301K, capacity 33016K, committed 33072K, reserved 1077248K
  class space    used 4416K, capacity 4641K, committed 4656K, reserved 1048576K
}
Event: 22.933 GC heap before
{Heap before GC invocations=8 (full 1):
 PSYoungGen      total 131584K, used 58825K [0x00000000eab00000, 0x00000000f3780000, 0x0000000100000000)
  eden space 119296K, 42% used [0x00000000eab00000,0x00000000edc0a2e0,0x00000000f1f80000)
  from space 12288K, 70% used [0x00000000f2b00000,0x00000000f33683d8,0x00000000f3700000)
  to   space 11776K, 0% used [0x00000000f1f80000,0x00000000f1f80000,0x00000000f2b00000)
 ParOldGen       total 83968K, used 7345K [0x00000000c0000000, 0x00000000c5200000, 0x00000000eab00000)
  object space 83968K, 8% used [0x00000000c0000000,0x00000000c072c680,0x00000000c5200000)
 Metaspace       used 34609K, capacity 35446K, committed 35496K, reserved 1079296K
  class space    used 4756K, capacity 5004K, committed 5040K, reserved 1048576K
Event: 22.966 GC heap after
Heap after GC invocations=8 (full 1):
 PSYoungGen      total 131072K, used 8836K [0x00000000eab00000, 0x00000000f3780000, 0x0000000100000000)
  eden space 119296K, 0% used [0x00000000eab00000,0x00000000eab00000,0x00000000f1f80000)
  from space 11776K, 75% used [0x00000000f1f80000,0x00000000f2821380,0x00000000f2b00000)
  to   space 12288K, 0% used [0x00000000f2b00000,0x00000000f2b00000,0x00000000f3700000)
 ParOldGen       total 83968K, used 7353K [0x00000000c0000000, 0x00000000c5200000, 0x00000000eab00000)
  object space 83968K, 8% used [0x00000000c0000000,0x00000000c072e680,0x00000000c5200000)
 Metaspace       used 34609K, capacity 35446K, committed 35496K, reserved 1079296K
  class space    used 4756K, capacity 5004K, committed 5040K, reserved 1048576K
}
Event: 22.966 GC heap before
{Heap before GC invocations=9 (full 2):
 PSYoungGen      total 131072K, used 8836K [0x00000000eab00000, 0x00000000f3780000, 0x0000000100000000)
  eden space 119296K, 0% used [0x00000000eab00000,0x00000000eab00000,0x00000000f1f80000)
  from space 11776K, 75% used [0x00000000f1f80000,0x00000000f2821380,0x00000000f2b00000)
  to   space 12288K, 0% used [0x00000000f2b00000,0x00000000f2b00000,0x00000000f3700000)
 ParOldGen       total 83968K, used 7353K [0x00000000c0000000, 0x00000000c5200000, 0x00000000eab00000)
  object space 83968K, 8% used [0x00000000c0000000,0x00000000c072e680,0x00000000c5200000)
 Metaspace       used 34609K, capacity 35446K, committed 35496K, reserved 1079296K
  class space    used 4756K, capacity 5004K, committed 5040K, reserved 1048576K
Event: 23.077 GC heap after
Heap after GC invocations=9 (full 2):
 PSYoungGen      total 131072K, used 0K [0x00000000eab00000, 0x00000000f3780000, 0x0000000100000000)
  eden space 119296K, 0% used [0x00000000eab00000,0x00000000eab00000,0x00000000f1f80000)
  from space 11776K, 0% used [0x00000000f1f80000,0x00000000f1f80000,0x00000000f2b00000)
  to   space 12288K, 0% used [0x00000000f2b00000,0x00000000f2b00000,0x00000000f3700000)
 ParOldGen       total 83968K, used 15452K [0x00000000c0000000, 0x00000000c5200000, 0x00000000eab00000)
  object space 83968K, 18% used [0x00000000c0000000,0x00000000c0f172b8,0x00000000c5200000)
 Metaspace       used 34609K, capacity 35446K, committed 35496K, reserved 1079296K
  class space    used 4756K, capacity 5004K, committed 5040K, reserved 1048576K
}

