# JRE version: OpenJDK Runtime Environment (8.0_242-b01) (build 1.8.0_242-release-1644-b01)
# Java VM: OpenJDK 64-Bit Server VM (25.242-b01 mixed mode windows-amd64 compressed oops)
Heap:
 PSYoungGen      total 232960K, used 137190K [0x00000000eab00000, 0x00000000faa00000, 0x0000000100000000)
  eden space 219136K, 62% used [0x00000000eab00000,0x00000000f30f9b18,0x00000000f8100000)
  from space 13824K, 0% used [0x00000000f8100000,0x00000000f8100000,0x00000000f8e80000)
  to   space 19456K, 0% used [0x00000000f9700000,0x00000000f9700000,0x00000000faa00000)
 ParOldGen       total 82944K, used 36117K [0x00000000c0000000, 0x00000000c5100000, 0x00000000eab00000)
  object space 82944K, 43% used [0x00000000c0000000,0x00000000c23454c0,0x00000000c5100000)
 Metaspace       used 64034K, capacity 67170K, committed 67368K, reserved 1107968K
  class space    used 8850K, capacity 9486K, committed 9520K, reserved 1048576K
GC Heap History (10 events):
Event: 18.515 GC heap before
{Heap before GC invocations=8 (full 1):
 PSYoungGen      total 132096K, used 59126K [0x00000000eab00000, 0x00000000f3780000, 0x0000000100000000)
  eden space 120320K, 42% used [0x00000000eab00000,0x00000000edc5b160,0x00000000f2080000)
  from space 11776K, 72% used [0x00000000f2c00000,0x00000000f3462738,0x00000000f3780000)
  to   space 11776K, 0% used [0x00000000f2080000,0x00000000f2080000,0x00000000f2c00000)
 ParOldGen       total 82944K, used 7416K [0x00000000c0000000, 0x00000000c5100000, 0x00000000eab00000)
  object space 82944K, 8% used [0x00000000c0000000,0x00000000c073e378,0x00000000c5100000)
 Metaspace       used 34590K, capacity 35446K, committed 35496K, reserved 1079296K
  class space    used 4756K, capacity 5004K, committed 5040K, reserved 1048576K
Event: 18.529 GC heap after
Heap after GC invocations=8 (full 1):
 PSYoungGen      total 132096K, used 8892K [0x00000000eab00000, 0x00000000f9c00000, 0x0000000100000000)
  eden space 120320K, 0% used [0x00000000eab00000,0x00000000eab00000,0x00000000f2080000)
  from space 11776K, 75% used [0x00000000f2080000,0x00000000f292f1e0,0x00000000f2c00000)
  to   space 11776K, 0% used [0x00000000f9080000,0x00000000f9080000,0x00000000f9c00000)
 ParOldGen       total 82944K, used 7424K [0x00000000c0000000, 0x00000000c5100000, 0x00000000eab00000)
  object space 82944K, 8% used [0x00000000c0000000,0x00000000c0740378,0x00000000c5100000)
 Metaspace       used 34590K, capacity 35446K, committed 35496K, reserved 1079296K
  class space    used 4756K, capacity 5004K, committed 5040K, reserved 1048576K
}
Event: 18.529 GC heap before
{Heap before GC invocations=9 (full 2):
 PSYoungGen      total 132096K, used 8892K [0x00000000eab00000, 0x00000000f9c00000, 0x0000000100000000)
  eden space 120320K, 0% used [0x00000000eab00000,0x00000000eab00000,0x00000000f2080000)
  from space 11776K, 75% used [0x00000000f2080000,0x00000000f292f1e0,0x00000000f2c00000)
  to   space 11776K, 0% used [0x00000000f9080000,0x00000000f9080000,0x00000000f9c00000)
 ParOldGen       total 82944K, used 7424K [0x00000000c0000000, 0x00000000c5100000, 0x00000000eab00000)
  object space 82944K, 8% used [0x00000000c0000000,0x00000000c0740378,0x00000000c5100000)
 Metaspace       used 34590K, capacity 35446K, committed 35496K, reserved 1079296K
  class space    used 4756K, capacity 5004K, committed 5040K, reserved 1048576K
Event: 18.610 GC heap after
Heap after GC invocations=9 (full 2):
 PSYoungGen      total 132096K, used 0K [0x00000000eab00000, 0x00000000f9c00000, 0x0000000100000000)
  eden space 120320K, 0% used [0x00000000eab00000,0x00000000eab00000,0x00000000f2080000)
  from space 11776K, 0% used [0x00000000f2080000,0x00000000f2080000,0x00000000f2c00000)
  to   space 11776K, 0% used [0x00000000f9080000,0x00000000f9080000,0x00000000f9c00000)
 ParOldGen       total 82944K, used 15462K [0x00000000c0000000, 0x00000000c5100000, 0x00000000eab00000)
  object space 82944K, 18% used [0x00000000c0000000,0x00000000c0f19b78,0x00000000c5100000)
 Metaspace       used 34590K, capacity 35446K, committed 35496K, reserved 1079296K
  class space    used 4756K, capacity 5004K, committed 5040K, reserved 1048576K
}
Event: 22.470 GC heap before
{Heap before GC invocations=10 (full 2):
 PSYoungGen      total 132096K, used 120320K [0x00000000eab00000, 0x00000000f9c00000, 0x0000000100000000)
  eden space 120320K, 100% used [0x00000000eab00000,0x00000000f2080000,0x00000000f2080000)
  from space 11776K, 0% used [0x00000000f2080000,0x00000000f2080000,0x00000000f2c00000)
  to   space 11776K, 0% used [0x00000000f9080000,0x00000000f9080000,0x00000000f9c00000)
 ParOldGen       total 82944K, used 15462K [0x00000000c0000000, 0x00000000c5100000, 0x00000000eab00000)
  object space 82944K, 18% used [0x00000000c0000000,0x00000000c0f19b78,0x00000000c5100000)
 Metaspace       used 44623K, capacity 46104K, committed 46376K, reserved 1089536K
  class space    used 6052K, capacity 6404K, committed 6448K, reserved 1048576K
Event: 22.505 GC heap after
Heap after GC invocations=10 (full 2):
 PSYoungGen      total 187904K, used 11763K [0x00000000eab00000, 0x00000000f9c00000, 0x0000000100000000)
  eden space 176128K, 0% used [0x00000000eab00000,0x00000000eab00000,0x00000000f5700000)
  from space 11776K, 99% used [0x00000000f9080000,0x00000000f9bfcce8,0x00000000f9c00000)
  to   space 13824K, 0% used [0x00000000f8100000,0x00000000f8100000,0x00000000f8e80000)
 ParOldGen       total 82944K, used 18131K [0x00000000c0000000, 0x00000000c5100000, 0x00000000eab00000)
  object space 82944K, 21% used [0x00000000c0000000,0x00000000c11b4f30,0x00000000c5100000)
 Metaspace       used 44623K, capacity 46104K, committed 46376K, reserved 1089536K
  class space    used 6052K, capacity 6404K, committed 6448K, reserved 1048576K
}
Event: 25.872 GC heap before
{Heap before GC invocations=11 (full 2):
 PSYoungGen      total 187904K, used 157698K [0x00000000eab00000, 0x00000000f9c00000, 0x0000000100000000)
  eden space 176128K, 82% used [0x00000000eab00000,0x00000000f3983b88,0x00000000f5700000)
  from space 11776K, 99% used [0x00000000f9080000,0x00000000f9bfcce8,0x00000000f9c00000)
  to   space 13824K, 0% used [0x00000000f8100000,0x00000000f8100000,0x00000000f8e80000)
 ParOldGen       total 82944K, used 18131K [0x00000000c0000000, 0x00000000c5100000, 0x00000000eab00000)
  object space 82944K, 21% used [0x00000000c0000000,0x00000000c11b4f30,0x00000000c5100000)
 Metaspace       used 57083K, capacity 59066K, committed 59160K, reserved 1099776K
  class space    used 7838K, capacity 8322K, committed 8368K, reserved 1048576K
Event: 25.901 GC heap after
Heap after GC invocations=11 (full 2):
 PSYoungGen      total 232960K, used 13813K [0x00000000eab00000, 0x00000000faa00000, 0x0000000100000000)
  eden space 219136K, 0% used [0x00000000eab00000,0x00000000eab00000,0x00000000f8100000)
  from space 13824K, 99% used [0x00000000f8100000,0x00000000f8e7d7b0,0x00000000f8e80000)
  to   space 19456K, 0% used [0x00000000f9700000,0x00000000f9700000,0x00000000faa00000)
 ParOldGen       total 82944K, used 28517K [0x00000000c0000000, 0x00000000c5100000, 0x00000000eab00000)
  object space 82944K, 34% used [0x00000000c0000000,0x00000000c1bd94c8,0x00000000c5100000)
 Metaspace       used 57083K, capacity 59066K, committed 59160K, reserved 1099776K
  class space    used 7838K, capacity 8322K, committed 8368K, reserved 1048576K
}
Event: 25.901 GC heap before
{Heap before GC invocations=12 (full 3):
 PSYoungGen      total 232960K, used 13813K [0x00000000eab00000, 0x00000000faa00000, 0x0000000100000000)
  eden space 219136K, 0% used [0x00000000eab00000,0x00000000eab00000,0x00000000f8100000)
  from space 13824K, 99% used [0x00000000f8100000,0x00000000f8e7d7b0,0x00000000f8e80000)
  to   space 19456K, 0% used [0x00000000f9700000,0x00000000f9700000,0x00000000faa00000)
 ParOldGen       total 82944K, used 28517K [0x00000000c0000000, 0x00000000c5100000, 0x00000000eab00000)
  object space 82944K, 34% used [0x00000000c0000000,0x00000000c1bd94c8,0x00000000c5100000)
 Metaspace       used 57083K, capacity 59066K, committed 59160K, reserved 1099776K
  class space    used 7838K, capacity 8322K, committed 8368K, reserved 1048576K
Event: 26.238 GC heap after
Heap after GC invocations=12 (full 3):
 PSYoungGen      total 232960K, used 0K [0x00000000eab00000, 0x00000000faa00000, 0x0000000100000000)
  eden space 219136K, 0% used [0x00000000eab00000,0x00000000eab00000,0x00000000f8100000)
  from space 13824K, 0% used [0x00000000f8100000,0x00000000f8100000,0x00000000f8e80000)
  to   space 19456K, 0% used [0x00000000f9700000,0x00000000f9700000,0x00000000faa00000)
 ParOldGen       total 82944K, used 36117K [0x00000000c0000000, 0x00000000c5100000, 0x00000000eab00000)
  object space 82944K, 43% used [0x00000000c0000000,0x00000000c23454c0,0x00000000c5100000)
 Metaspace       used 57061K, capacity 58988K, committed 59160K, reserved 1099776K
  class space    used 7831K, capacity 8309K, committed 8368K, reserved 1048576K
}

